Added Component: Designator=D0(Vishay_6.544-5185.02-4_MFG)
Added Component: Designator=D1(LED_WP7113ID)
Add component (AddParameter): Name = "Availability"; Value = "In Stock"; VariantName = "[No Variations]"
Add component (AddParameter): Name = "Check_prices"; Value = "https://www.snapeda.com/parts/WP7113ID/Kingbright/view-part/?ref=eda"; VariantName = "[No Variations]"
Add component (AddParameter): Name = "MF"; Value = "Kingbright"; VariantName = "[No Variations]"
Add component (AddParameter): Name = "MP"; Value = "WP7113ID"; VariantName = "[No Variations]"
Add component (AddParameter): Name = "Package"; Value = "Radial Kingbright"; VariantName = "[No Variations]"
Add component (AddParameter): Name = "Price"; Value = "None"; VariantName = "[No Variations]"
Add component (AddParameter): Name = "Purchase-URL"; Value = "https://pricing.snapeda.com/search/part/WP7113ID/?ref=eda"; VariantName = "[No Variations]"
Add component (AddParameter): Name = "SnapEDA_Link"; Value = "https://www.snapeda.com/parts/WP7113ID/Kingbright/view-part/?ref=snap"; VariantName = "[No Variations]"
Add component (AddParameter): Name = "Value"; Value = ""; VariantName = "[No Variations]"
Added Component: Designator=FD(XDCR_BPV10NF)
Add component (AddParameter): Name = "Availability"; Value = "In Stock"; VariantName = "[No Variations]"
Add component (AddParameter): Name = "Check_prices"; Value = "https://www.snapeda.com/parts/BPV10NF/Vishay/view-part/?ref=eda"; VariantName = "[No Variations]"
Add component (AddParameter): Name = "MF"; Value = "Vishay Semiconductors"; VariantName = "[No Variations]"
Add component (AddParameter): Name = "MP"; Value = "BPV10NF"; VariantName = "[No Variations]"
Add component (AddParameter): Name = "Package"; Value = "None"; VariantName = "[No Variations]"
Add component (AddParameter): Name = "Price"; Value = "None"; VariantName = "[No Variations]"
Add component (AddParameter): Name = "Purchase-URL"; Value = "https://pricing.snapeda.com/search/part/BPV10NF/?ref=eda"; VariantName = "[No Variations]"
Add component (AddParameter): Name = "SnapEDA_Link"; Value = "https://www.snapeda.com/parts/BPV10NF/Vishay/view-part/?ref=snap"; VariantName = "[No Variations]"
Add component (AddParameter): Name = "Value"; Value = ""; VariantName = "[No Variations]"
Added Component: Designator=J1(SAMTEC_TSW-101-07-T-T)
Add component (AddParameter): Name = "Availability"; Value = "Unavailable"; VariantName = "[No Variations]"
Add component (AddParameter): Name = "MF"; Value = "Samtec"; VariantName = "[No Variations]"
Add component (AddParameter): Name = "MP"; Value = "TSW-101-07-T-T"; VariantName = "[No Variations]"
Add component (AddParameter): Name = "Package"; Value = "None"; VariantName = "[No Variations]"
Add component (AddParameter): Name = "Price"; Value = "None"; VariantName = "[No Variations]"
Add component (AddParameter): Name = "Value"; Value = ""; VariantName = "[No Variations]"
Added Component: Designator=U1(DIP794W45P254L959H508Q8)
Add component (AddParameter): Name = "Availability"; Value = "In Stock"; VariantName = "[No Variations]"
Add component (AddParameter): Name = "Check_prices"; Value = "https://www.snapeda.com/parts/LM358P/Texas+Instruments/view-part/?ref=eda"; VariantName = "[No Variations]"
Add component (AddParameter): Name = "MF"; Value = "Texas Instruments"; VariantName = "[No Variations]"
Add component (AddParameter): Name = "MP"; Value = "LM358P"; VariantName = "[No Variations]"
Add component (AddParameter): Name = "Package"; Value = "PDIP-8 Texas"; VariantName = "[No Variations]"
Add component (AddParameter): Name = "Price"; Value = "None"; VariantName = "[No Variations]"
Add component (AddParameter): Name = "Purchase-URL"; Value = "https://pricing.snapeda.com/search/part/LM358P/?ref=eda"; VariantName = "[No Variations]"
Add component (AddParameter): Name = "SnapEDA_Link"; Value = "https://www.snapeda.com/parts/LM358P/Texas+Instruments/view-part/?ref=snap"; VariantName = "[No Variations]"
Add component (AddParameter): Name = "Value"; Value = ""; VariantName = "[No Variations]"
Added Pin To Net: NetName=+5 Pin=D0-2
Added Pin To Net: NetName=+5 Pin=FD-C
Added Pin To Net: NetName=+5 Pin=J1-01
Added Net: Name=+5
Added Pin To Net: NetName=GND Pin=J1-03
Added Net: Name=GND
Added Pin To Net: NetName=NetD0_1 Pin=D0-1
Added Net: Name=NetD0_1
Added Pin To Net: NetName=NetD1_A Pin=D1-A
Added Net: Name=NetD1_A
Added Pin To Net: NetName=NetFD_A Pin=FD-A
Added Pin To Net: NetName=NetFD_A Pin=U1-3
Added Net: Name=NetFD_A
Added Pin To Net: NetName=NetRV1_2 Pin=U1-2
Added Net: Name=NetRV1_2
Added Pin To Net: NetName=out1 Pin=D1-C
Added Pin To Net: NetName=out1 Pin=J1-02
Added Pin To Net: NetName=out1 Pin=U1-1
Added Net: Name=out1
Added Class: Name=IR sensor
Added Room: Name=IR sensor
